2023-06-22T10:14:18.701707 404 : [{"timestamp":"2023-06-22T17:14:18.686+00:00","status":404,"error":"Not Found","message":"No message available","path":"/3044"}]
2023-06-22T10:17:10.9431304 401 : [no body]
2023-06-22T10:18:44.4739789 401 : [no body]
2023-06-22T10:37:04.4508095 401 : [no body]
2023-06-22T10:51:20.3790934 401 : [no body]
2023-06-22T11:33:32.1953301 500 : [{"timestamp":"2023-06-22T18:33:32.188+00:00","status":500,"error":"Internal Server Error","message":"Cannot invoke \"com.techelevator.tenmo.model.Account.getAccountId()\" because the return value of \"com.techelevator.tenmo.dao.JdbcAccountDao.findAccountByUserId(int)\" is null","path":"/transfers/0"}]
2023-06-22T11:34:03.4890832 401 : [no body]
2023-06-22T11:36:53.2616828 500 : [{"timestamp":"2023-06-22T18:36:53.253+00:00","status":500,"error":"Internal Server Error","message":"Cannot invoke \"com.techelevator.tenmo.model.Account.getAccountId()\" because the return value of \"com.techelevator.tenmo.dao.JdbcAccountDao.findAccountByUserId(int)\" is null","path":"/transfers/0"}]
2023-06-22T11:39:40.1359048 401 : [no body]
2023-06-22T12:04:43.730363 500 : [{"timestamp":"2023-06-22T19:04:43.723+00:00","status":500,"error":"Internal Server Error","message":"Cannot invoke \"com.techelevator.tenmo.model.Account.getAccountId()\" because the return value of \"com.techelevator.tenmo.dao.JdbcAccountDao.findAccountByUserId(int)\" is null","path":"/transfers/0"}]
2023-06-22T12:05:11.0090228 500 : [{"timestamp":"2023-06-22T19:05:11.002+00:00","status":500,"error":"Internal Server Error","message":"Cannot invoke \"com.techelevator.tenmo.model.Account.getAccountId()\" because the return value of \"com.techelevator.tenmo.dao.JdbcAccountDao.findAccountByUserId(int)\" is null","path":"/transfers/0"}]
2023-06-22T12:08:11.7135746 500 : [{"timestamp":"2023-06-22T19:08:11.707+00:00","status":500,"error":"Internal Server Error","message":"Cannot invoke \"com.techelevator.tenmo.model.Account.getAccountId()\" because the return value of \"com.techelevator.tenmo.dao.JdbcAccountDao.findAccountByUserId(int)\" is null","path":"/transfers/0"}]
2023-06-22T12:08:34.174124 500 : [{"timestamp":"2023-06-22T19:08:34.164+00:00","status":500,"error":"Internal Server Error","message":"Cannot invoke \"com.techelevator.tenmo.model.Account.getAccountId()\" because the return value of \"com.techelevator.tenmo.dao.JdbcAccountDao.findAccountByUserId(int)\" is null","path":"/transfers/0"}]
2023-06-22T12:09:18.0458144 500 : [{"timestamp":"2023-06-22T19:09:18.036+00:00","status":500,"error":"Internal Server Error","message":"Cannot invoke \"com.techelevator.tenmo.model.Account.getAccountId()\" because the return value of \"com.techelevator.tenmo.dao.JdbcAccountDao.findAccountByUserId(int)\" is null","path":"/transfers/0"}]
2023-06-22T12:13:54.8287955 401 : [no body]
2023-06-22T12:14:54.2512956 500 : [{"timestamp":"2023-06-22T19:14:54.249+00:00","status":500,"error":"Internal Server Error","message":"Cannot invoke \"com.techelevator.tenmo.model.Account.getAccountId()\" because the return value of \"com.techelevator.tenmo.dao.JdbcAccountDao.findAccountByUserId(int)\" is null","path":"/transfers/0"}]
2023-06-22T12:26:53.6138726 401 : [no body]
2023-06-22T12:27:13.9208346 500 : [{"timestamp":"2023-06-22T19:27:13.909+00:00","status":500,"error":"Internal Server Error","message":"Invalid column name; nested exception is java.sql.SQLException: Invalid column name","path":"/transfers/1004"}]
2023-06-22T12:37:01.5591419 500 : [{"timestamp":"2023-06-22T19:37:01.547+00:00","status":500,"error":"Internal Server Error","message":"Invalid column name; nested exception is java.sql.SQLException: Invalid column name","path":"/transfers/1004"}]
2023-06-22T12:59:21.2879166 401 : [no body]
2023-06-22T13:00:48.2375538 500 : [{"timestamp":"2023-06-22T20:00:48.230+00:00","status":500,"error":"Internal Server Error","message":"Cannot invoke \"com.techelevator.tenmo.model.Account.getAccountId()\" because the return value of \"com.techelevator.tenmo.dao.JdbcAccountDao.findAccountByUserId(int)\" is null","path":"/transfers/0"}]
2023-06-22T13:01:20.2183977 400 : [{"timestamp":"2023-06-22T20:01:20.210+00:00","status":400,"error":"Bad Request","message":"Invalid Transfer Amount","path":"/send"}]
2023-06-22T13:31:22.7829724 400 : [{"timestamp":"2023-06-22T20:31:22.773+00:00","status":400,"error":"Bad Request","message":"Can't send to yourself","path":"/send"}]
2023-06-22T13:44:50.2483481 400 : [{"timestamp":"2023-06-22T20:44:50.237+00:00","status":400,"error":"Bad Request","message":"Can't send to yourself","path":"/send"}]
2023-06-22T13:47:04.2283013 400 : [{"timestamp":"2023-06-22T20:47:04.220+00:00","status":400,"error":"Bad Request","message":"Can't send to yourself","path":"/send"}]
2023-06-22T13:47:32.5644848 400 : [{"timestamp":"2023-06-22T20:47:32.556+00:00","status":400,"error":"Bad Request","message":"Can't send to yourself","path":"/send"}]
2023-06-22T13:47:45.7373499 400 : [{"timestamp":"2023-06-22T20:47:45.736+00:00","status":400,"error":"Bad Request","message":"Can't send to yourself","path":"/send"}]
2023-06-22T13:47:56.8639632 400 : [{"timestamp":"2023-06-22T20:47:56.863+00:00","status":400,"error":"Bad Request","message":"Can't send to yourself","path":"/send"}]
2023-06-22T13:48:01.6889565 400 : [{"timestamp":"2023-06-22T20:48:01.687+00:00","status":400,"error":"Bad Request","message":"Invalid Transfer Amount","path":"/send"}]
2023-06-22T13:48:47.0488458 400 : [{"timestamp":"2023-06-22T20:48:47.047+00:00","status":400,"error":"Bad Request","message":"Invalid Transfer Amount","path":"/send"}]
2023-06-22T13:49:09.9880074 400 : [{"timestamp":"2023-06-22T20:49:09.986+00:00","status":400,"error":"Bad Request","message":"Insufficient funds","path":"/send"}]
2023-06-22T13:50:34.1247607 400 : [{"timestamp":"2023-06-22T20:50:34.116+00:00","status":400,"error":"Bad Request","message":"Can't send to yourself","path":"/send"}]
2023-06-22T14:06:09.0192924 400 : [{"timestamp":"2023-06-22T21:06:09.011+00:00","status":400,"error":"Bad Request","message":"Invalid Transfer Amount","path":"/send"}]
2023-06-22T14:07:38.3705398 400 : [{"timestamp":"2023-06-22T21:07:38.363+00:00","status":400,"error":"Bad Request","message":"Invalid Transfer Amount","path":"/send"}]
2023-06-22T14:08:22.7790198 400 : [{"timestamp":"2023-06-22T21:08:22.770+00:00","status":400,"error":"Bad Request","message":"Invalid Transfer Amount","path":"/send"}]
